  [4;36;1mSQL (0.2ms)[0m   [0;1m SELECT name
 FROM sqlite_master
 WHERE type = 'table' AND NOT name = 'sqlite_sequence'
[0m
  [4;35;1mSQL (0.1ms)[0m   [0mselect sqlite_version(*)[0m
  [4;36;1mSQL (175.1ms)[0m   [0;1mCREATE TABLE "schema_migrations" ("version" varchar(255) NOT NULL) [0m
  [4;35;1mSQL (0.2ms)[0m   [0mPRAGMA index_list("schema_migrations")[0m
  [4;36;1mSQL (144.1ms)[0m   [0;1mCREATE UNIQUE INDEX "unique_schema_migrations" ON "schema_migrations" ("version")[0m
  [4;35;1mSQL (0.5ms)[0m   [0m SELECT name
 FROM sqlite_master
 WHERE type = 'table' AND NOT name = 'sqlite_sequence'
[0m
  [4;36;1mSQL (0.4ms)[0m   [0;1mSELECT version FROM schema_migrations[0m
Migrating to CreateIqHomes (20131219090435)
/!\ FAILSAFE /!\  Thu Dec 19 10:05:11 +0100 2013
  Status: 500 Internal Server Error
  Expected /home/micha/Dokumente/software/IQHome/rails/IQHomes/app/helpers/iq_homes_helper.rb to define IqHomesHelper
    /usr/lib/ruby/vendor_ruby/active_support/dependencies.rb:452:in `load_missing_constant'
    /usr/lib/ruby/vendor_ruby/active_support/dependencies.rb:106:in `const_missing'
    /usr/lib/ruby/vendor_ruby/active_support/dependencies.rb:118:in `const_missing'
    /usr/lib/ruby/vendor_ruby/active_support/inflector.rb:364:in `constantize'
    /usr/lib/ruby/vendor_ruby/active_support/inflector.rb:363:in `each'
    /usr/lib/ruby/vendor_ruby/active_support/inflector.rb:363:in `constantize'
    /usr/lib/ruby/vendor_ruby/active_support/core_ext/string/inflections.rb:162:in `constantize'
    /usr/lib/ruby/vendor_ruby/action_controller/helpers.rb:137:in `helper'
    /usr/lib/ruby/vendor_ruby/action_controller/helpers.rb:115:in `each'
    /usr/lib/ruby/vendor_ruby/action_controller/helpers.rb:115:in `helper'
    /usr/lib/ruby/vendor_ruby/action_controller/helpers.rb:120:in `helper'
    /usr/lib/ruby/vendor_ruby/action_controller/helpers.rb:115:in `each'
    /usr/lib/ruby/vendor_ruby/action_controller/helpers.rb:115:in `helper'
    /home/micha/Dokumente/software/IQHome/rails/IQHomes/app/controllers/application_controller.rb:5
    /usr/lib/ruby/vendor_ruby/active_support/dependencies.rb:406:in `load_without_new_constant_marking'
    /usr/lib/ruby/vendor_ruby/active_support/dependencies.rb:406:in `load_file'
    /usr/lib/ruby/vendor_ruby/active_support/dependencies.rb:547:in `new_constants_in'
    /usr/lib/ruby/vendor_ruby/active_support/dependencies.rb:405:in `load_file'
    /usr/lib/ruby/vendor_ruby/active_support/dependencies.rb:285:in `require_or_load'
    /usr/lib/ruby/vendor_ruby/active_support/dependencies.rb:451:in `load_missing_constant'
    /usr/lib/ruby/vendor_ruby/active_support/dependencies.rb:106:in `const_missing'
    /usr/lib/ruby/vendor_ruby/active_support/dependencies.rb:118:in `const_missing'
    /usr/lib/ruby/vendor_ruby/action_controller/dispatcher.rb:89:in `dispatch'
    /usr/lib/ruby/vendor_ruby/action_controller/dispatcher.rb:121:in `_call'
    /usr/lib/ruby/vendor_ruby/action_controller/dispatcher.rb:130:in `build_middleware_stack'
    /usr/lib/ruby/vendor_ruby/active_record/query_cache.rb:29:in `call'
    /usr/lib/ruby/vendor_ruby/active_record/query_cache.rb:29:in `call'
    /usr/lib/ruby/vendor_ruby/active_record/connection_adapters/abstract/query_cache.rb:34:in `cache'
    /usr/lib/ruby/vendor_ruby/active_record/query_cache.rb:9:in `cache'
    /usr/lib/ruby/vendor_ruby/active_record/query_cache.rb:28:in `call'
    /usr/lib/ruby/vendor_ruby/active_record/connection_adapters/abstract/connection_pool.rb:361:in `call'
    /usr/lib/ruby/vendor_ruby/action_controller/string_coercion.rb:25:in `call'
    /usr/lib/ruby/vendor_ruby/rack/head.rb:9:in `call'
    /usr/lib/ruby/vendor_ruby/rack/methodoverride.rb:24:in `call'
    /usr/lib/ruby/vendor_ruby/action_controller/params_parser.rb:15:in `call'
    /usr/lib/ruby/vendor_ruby/action_controller/session/cookie_store.rb:99:in `call'
    /usr/lib/ruby/vendor_ruby/action_controller/failsafe.rb:26:in `call'
    /usr/lib/ruby/vendor_ruby/rack/lock.rb:15:in `call'
    /usr/lib/ruby/vendor_ruby/action_controller/dispatcher.rb:114:in `call'
    /usr/lib/ruby/vendor_ruby/action_controller/reloader.rb:34:in `run'
    /usr/lib/ruby/vendor_ruby/action_controller/dispatcher.rb:108:in `call'
    /usr/lib/ruby/vendor_ruby/rails/rack/static.rb:31:in `call'
    /usr/lib/ruby/vendor_ruby/rack/urlmap.rb:52:in `call'
    /usr/lib/ruby/vendor_ruby/rack/urlmap.rb:46:in `each'
    /usr/lib/ruby/vendor_ruby/rack/urlmap.rb:46:in `call'
    /usr/lib/ruby/vendor_ruby/rails/rack/log_tailer.rb:17:in `call'
    /usr/lib/ruby/vendor_ruby/rack/handler/webrick.rb:59:in `service'
    /usr/lib/ruby/1.8/webrick/httpserver.rb:104:in `service'
    /usr/lib/ruby/1.8/webrick/httpserver.rb:65:in `run'
    /usr/lib/ruby/1.8/webrick/server.rb:173:in `start_thread'
    /usr/lib/ruby/1.8/webrick/server.rb:162:in `start'
    /usr/lib/ruby/1.8/webrick/server.rb:162:in `start_thread'
    /usr/lib/ruby/1.8/webrick/server.rb:95:in `start'
    /usr/lib/ruby/1.8/webrick/server.rb:92:in `each'
    /usr/lib/ruby/1.8/webrick/server.rb:92:in `start'
    /usr/lib/ruby/1.8/webrick/server.rb:23:in `start'
    /usr/lib/ruby/1.8/webrick/server.rb:82:in `start'
    /usr/lib/ruby/vendor_ruby/rack/handler/webrick.rb:13:in `run'
    /home/micha/Dokumente/software/IQHome/rails/IQHomes/vendor/rails/railties/lib/commands/server.rb:111
    /usr/lib/ruby/vendor_ruby/1.8/rubygems/custom_require.rb:36:in `gem_original_require'
    /usr/lib/ruby/vendor_ruby/1.8/rubygems/custom_require.rb:36:in `require'
    script/server:3
/!\ FAILSAFE /!\  Thu Dec 19 10:05:31 +0100 2013
  Status: 500 Internal Server Error
  Expected /home/micha/Dokumente/software/IQHome/rails/IQHomes/app/helpers/iq_homes_helper.rb to define IqHomesHelper
    /usr/lib/ruby/vendor_ruby/active_support/dependencies.rb:452:in `load_missing_constant'
    /usr/lib/ruby/vendor_ruby/active_support/dependencies.rb:106:in `const_missing'
    /usr/lib/ruby/vendor_ruby/active_support/dependencies.rb:118:in `const_missing'
    /usr/lib/ruby/vendor_ruby/active_support/inflector.rb:364:in `constantize'
    /usr/lib/ruby/vendor_ruby/active_support/inflector.rb:363:in `each'
    /usr/lib/ruby/vendor_ruby/active_support/inflector.rb:363:in `constantize'
    /usr/lib/ruby/vendor_ruby/active_support/core_ext/string/inflections.rb:162:in `constantize'
    /usr/lib/ruby/vendor_ruby/action_controller/helpers.rb:137:in `helper'
    /usr/lib/ruby/vendor_ruby/action_controller/helpers.rb:115:in `each'
    /usr/lib/ruby/vendor_ruby/action_controller/helpers.rb:115:in `helper'
    /usr/lib/ruby/vendor_ruby/action_controller/helpers.rb:120:in `helper'
    /usr/lib/ruby/vendor_ruby/action_controller/helpers.rb:115:in `each'
    /usr/lib/ruby/vendor_ruby/action_controller/helpers.rb:115:in `helper'
    /home/micha/Dokumente/software/IQHome/rails/IQHomes/app/controllers/application_controller.rb:5
    /usr/lib/ruby/vendor_ruby/active_support/dependencies.rb:406:in `load_without_new_constant_marking'
    /usr/lib/ruby/vendor_ruby/active_support/dependencies.rb:406:in `load_file'
    /usr/lib/ruby/vendor_ruby/active_support/dependencies.rb:547:in `new_constants_in'
    /usr/lib/ruby/vendor_ruby/active_support/dependencies.rb:405:in `load_file'
    /usr/lib/ruby/vendor_ruby/active_support/dependencies.rb:285:in `require_or_load'
    /usr/lib/ruby/vendor_ruby/active_support/dependencies.rb:451:in `load_missing_constant'
    /usr/lib/ruby/vendor_ruby/active_support/dependencies.rb:106:in `const_missing'
    /usr/lib/ruby/vendor_ruby/active_support/dependencies.rb:118:in `const_missing'
    /usr/lib/ruby/vendor_ruby/action_controller/dispatcher.rb:89:in `dispatch'
    /usr/lib/ruby/vendor_ruby/action_controller/dispatcher.rb:121:in `_call'
    /usr/lib/ruby/vendor_ruby/action_controller/dispatcher.rb:130:in `build_middleware_stack'
    /usr/lib/ruby/vendor_ruby/active_record/query_cache.rb:29:in `call'
    /usr/lib/ruby/vendor_ruby/active_record/query_cache.rb:29:in `call'
    /usr/lib/ruby/vendor_ruby/active_record/connection_adapters/abstract/query_cache.rb:34:in `cache'
    /usr/lib/ruby/vendor_ruby/active_record/query_cache.rb:9:in `cache'
    /usr/lib/ruby/vendor_ruby/active_record/query_cache.rb:28:in `call'
    /usr/lib/ruby/vendor_ruby/active_record/connection_adapters/abstract/connection_pool.rb:361:in `call'
    /usr/lib/ruby/vendor_ruby/action_controller/string_coercion.rb:25:in `call'
    /usr/lib/ruby/vendor_ruby/rack/head.rb:9:in `call'
    /usr/lib/ruby/vendor_ruby/rack/methodoverride.rb:24:in `call'
    /usr/lib/ruby/vendor_ruby/action_controller/params_parser.rb:15:in `call'
    /usr/lib/ruby/vendor_ruby/action_controller/session/cookie_store.rb:99:in `call'
    /usr/lib/ruby/vendor_ruby/action_controller/failsafe.rb:26:in `call'
    /usr/lib/ruby/vendor_ruby/rack/lock.rb:15:in `call'
    /usr/lib/ruby/vendor_ruby/action_controller/dispatcher.rb:114:in `call'
    /usr/lib/ruby/vendor_ruby/action_controller/reloader.rb:34:in `run'
    /usr/lib/ruby/vendor_ruby/action_controller/dispatcher.rb:108:in `call'
    /usr/lib/ruby/vendor_ruby/rails/rack/static.rb:31:in `call'
    /usr/lib/ruby/vendor_ruby/rack/urlmap.rb:52:in `call'
    /usr/lib/ruby/vendor_ruby/rack/urlmap.rb:46:in `each'
    /usr/lib/ruby/vendor_ruby/rack/urlmap.rb:46:in `call'
    /usr/lib/ruby/vendor_ruby/rails/rack/log_tailer.rb:17:in `call'
    /usr/lib/ruby/vendor_ruby/rack/handler/webrick.rb:59:in `service'
    /usr/lib/ruby/1.8/webrick/httpserver.rb:104:in `service'
    /usr/lib/ruby/1.8/webrick/httpserver.rb:65:in `run'
    /usr/lib/ruby/1.8/webrick/server.rb:173:in `start_thread'
    /usr/lib/ruby/1.8/webrick/server.rb:162:in `start'
    /usr/lib/ruby/1.8/webrick/server.rb:162:in `start_thread'
    /usr/lib/ruby/1.8/webrick/server.rb:95:in `start'
    /usr/lib/ruby/1.8/webrick/server.rb:92:in `each'
    /usr/lib/ruby/1.8/webrick/server.rb:92:in `start'
    /usr/lib/ruby/1.8/webrick/server.rb:23:in `start'
    /usr/lib/ruby/1.8/webrick/server.rb:82:in `start'
    /usr/lib/ruby/vendor_ruby/rack/handler/webrick.rb:13:in `run'
    /home/micha/Dokumente/software/IQHome/rails/IQHomes/vendor/rails/railties/lib/commands/server.rb:111
    /usr/lib/ruby/vendor_ruby/1.8/rubygems/custom_require.rb:36:in `gem_original_require'
    /usr/lib/ruby/vendor_ruby/1.8/rubygems/custom_require.rb:36:in `require'
    script/server:3
