  [4;36;1mSQL (0.2ms)[0m   [0;1m SELECT name
 FROM sqlite_master
 WHERE type = 'table' AND NOT name = 'sqlite_sequence'
[0m
  [4;35;1mSQL (0.1ms)[0m   [0mselect sqlite_version(*)[0m
  [4;36;1mSQL (290.6ms)[0m   [0;1mCREATE TABLE "schema_migrations" ("version" varchar(255) NOT NULL) [0m
  [4;35;1mSQL (0.2ms)[0m   [0mPRAGMA index_list("schema_migrations")[0m
  [4;36;1mSQL (144.0ms)[0m   [0;1mCREATE UNIQUE INDEX "unique_schema_migrations" ON "schema_migrations" ("version")[0m
  [4;35;1mSQL (0.5ms)[0m   [0m SELECT name
 FROM sqlite_master
 WHERE type = 'table' AND NOT name = 'sqlite_sequence'
[0m
  [4;36;1mSQL (0.3ms)[0m   [0;1mSELECT version FROM schema_migrations[0m
Migrating to CreateEmployees (20131218214836)
  [4;35;1mSQL (0.8ms)[0m   [0mCREATE TABLE "employees" ("id" INTEGER PRIMARY KEY AUTOINCREMENT NOT NULL, "firstname" varchar(255), "lastname" varchar(255), "birthday" date, "email" varchar(255), "comment" text, "created_at" datetime, "updated_at" datetime) [0m
  [4;36;1mSQL (0.2ms)[0m   [0;1mINSERT INTO schema_migrations (version) VALUES ('20131218214836')[0m
  [4;35;1mSQL (0.1ms)[0m   [0m SELECT name
 FROM sqlite_master
 WHERE type = 'table' AND NOT name = 'sqlite_sequence'
[0m
  [4;36;1mSQL (0.1ms)[0m   [0;1mSELECT version FROM schema_migrations[0m
  [4;35;1mSQL (0.1ms)[0m   [0m SELECT name
 FROM sqlite_master
 WHERE type = 'table' AND NOT name = 'sqlite_sequence'
[0m
  [4;36;1mSQL (0.0ms)[0m   [0;1mPRAGMA index_list("employees")[0m


Processing ApplicationController#index (for 127.0.0.1 at 2013-12-18 22:50:03) [GET]

ActionController::RoutingError (No route matches "/employee" with {:method=>:get}):
  /usr/lib/ruby/vendor_ruby/action_controller/routing/recognition_optimisation.rb:66:in `recognize_path'
  /usr/lib/ruby/vendor_ruby/action_controller/routing/route_set.rb:442:in `recognize'
  /usr/lib/ruby/vendor_ruby/action_controller/routing/route_set.rb:437:in `call'
  /usr/lib/ruby/vendor_ruby/action_controller/dispatcher.rb:87:in `dispatch'
  /usr/lib/ruby/vendor_ruby/action_controller/dispatcher.rb:121:in `_call'
  /usr/lib/ruby/vendor_ruby/action_controller/dispatcher.rb:130:in `build_middleware_stack'
  /usr/lib/ruby/vendor_ruby/active_record/query_cache.rb:29:in `call'
  /usr/lib/ruby/vendor_ruby/active_record/query_cache.rb:29:in `call'
  /usr/lib/ruby/vendor_ruby/active_record/connection_adapters/abstract/query_cache.rb:34:in `cache'
  /usr/lib/ruby/vendor_ruby/active_record/query_cache.rb:9:in `cache'
  /usr/lib/ruby/vendor_ruby/active_record/query_cache.rb:28:in `call'
  /usr/lib/ruby/vendor_ruby/active_record/connection_adapters/abstract/connection_pool.rb:361:in `call'
  /usr/lib/ruby/vendor_ruby/action_controller/string_coercion.rb:25:in `call'
  /usr/lib/ruby/vendor_ruby/rack/head.rb:9:in `call'
  /usr/lib/ruby/vendor_ruby/rack/methodoverride.rb:24:in `call'
  /usr/lib/ruby/vendor_ruby/action_controller/params_parser.rb:15:in `call'
  /usr/lib/ruby/vendor_ruby/action_controller/session/cookie_store.rb:99:in `call'
  /usr/lib/ruby/vendor_ruby/action_controller/failsafe.rb:26:in `call'
  /usr/lib/ruby/vendor_ruby/rack/lock.rb:15:in `call'
  /usr/lib/ruby/vendor_ruby/action_controller/dispatcher.rb:114:in `call'
  /usr/lib/ruby/vendor_ruby/action_controller/reloader.rb:34:in `run'
  /usr/lib/ruby/vendor_ruby/action_controller/dispatcher.rb:108:in `call'
  /usr/lib/ruby/vendor_ruby/rails/rack/static.rb:31:in `call'
  /usr/lib/ruby/vendor_ruby/rack/urlmap.rb:52:in `call'
  /usr/lib/ruby/vendor_ruby/rack/urlmap.rb:46:in `each'
  /usr/lib/ruby/vendor_ruby/rack/urlmap.rb:46:in `call'
  /usr/lib/ruby/vendor_ruby/rails/rack/log_tailer.rb:17:in `call'
  /usr/lib/ruby/vendor_ruby/rack/handler/webrick.rb:59:in `service'
  /usr/lib/ruby/1.8/webrick/httpserver.rb:104:in `service'
  /usr/lib/ruby/1.8/webrick/httpserver.rb:65:in `run'
  /usr/lib/ruby/1.8/webrick/server.rb:173:in `start_thread'
  /usr/lib/ruby/1.8/webrick/server.rb:162:in `start'
  /usr/lib/ruby/1.8/webrick/server.rb:162:in `start_thread'
  /usr/lib/ruby/1.8/webrick/server.rb:95:in `start'
  /usr/lib/ruby/1.8/webrick/server.rb:92:in `each'
  /usr/lib/ruby/1.8/webrick/server.rb:92:in `start'
  /usr/lib/ruby/1.8/webrick/server.rb:23:in `start'
  /usr/lib/ruby/1.8/webrick/server.rb:82:in `start'
  /usr/lib/ruby/vendor_ruby/rack/handler/webrick.rb:13:in `run'

Rendering rescues/layout (not_found)


Processing EmployeesController#index (for 127.0.0.1 at 2013-12-18 22:50:06) [GET]
  [4;36;1mEmployee Load (0.3ms)[0m   [0;1mSELECT * FROM "employees" [0m
Rendering template within layouts/employees
Rendering employees/index
Completed in 45ms (View: 36, DB: 0) | 200 OK [http://localhost/employees]


Processing EmployeesController#new (for 127.0.0.1 at 2013-12-18 22:50:33) [GET]
Rendering template within layouts/employees
Rendering employees/new
Completed in 75ms (View: 63, DB: 0) | 200 OK [http://localhost/employees/new]


Processing EmployeesController#create (for 127.0.0.1 at 2013-12-18 22:51:26) [POST]
  Parameters: {"authenticity_token"=>"BTd15itzA7cGWEsC55GjZRbpi4zjHoBU9iy/6AkXlOs=", "commit"=>"Create", "employee"=>{"lastname"=>"Mustermann", "birthday(1i)"=>"2017", "birthday(3i)"=>"1", "birthday(2i)"=>"1", "comment"=>"Muster", "firstname"=>"Max", "email"=>"maxmustermann@mustermann.de"}}
  [4;35;1mEmployee Create (0.2ms)[0m   [0mINSERT INTO "employees" ("lastname", "created_at", "firstname", "birthday", "comment", "updated_at", "email") VALUES('Mustermann', '2013-12-18 21:51:26', 'Max', '2017-01-01', 'Muster', '2013-12-18 21:51:26', 'maxmustermann@mustermann.de')[0m
Redirected to http://localhost:3000/employees/1
Completed in 396ms (DB: 0) | 302 Found [http://localhost/employees]


Processing EmployeesController#show (for 127.0.0.1 at 2013-12-18 22:51:27) [GET]
  Parameters: {"id"=>"1"}
  [4;36;1mEmployee Load (0.1ms)[0m   [0;1mSELECT * FROM "employees" WHERE ("employees"."id" = 1) [0m
Rendering template within layouts/employees
Rendering employees/show
Completed in 7ms (View: 4, DB: 0) | 200 OK [http://localhost/employees/1]


Processing EmployeesController#index (for 127.0.0.1 at 2013-12-18 22:51:31) [GET]
  [4;35;1mEmployee Load (0.3ms)[0m   [0mSELECT * FROM "employees" [0m
Rendering template within layouts/employees
Rendering employees/index
Completed in 7ms (View: 3, DB: 0) | 200 OK [http://localhost/employees]


Processing EmployeesController#show (for 127.0.0.1 at 2013-12-18 22:51:34) [GET]
  Parameters: {"id"=>"1"}
  [4;36;1mEmployee Load (0.1ms)[0m   [0;1mSELECT * FROM "employees" WHERE ("employees"."id" = 1) [0m
Rendering template within layouts/employees
Rendering employees/show
Completed in 5ms (View: 2, DB: 0) | 200 OK [http://localhost/employees/1]


Processing EmployeesController#index (for 127.0.0.1 at 2013-12-18 22:51:36) [GET]
  [4;35;1mEmployee Load (0.2ms)[0m   [0mSELECT * FROM "employees" [0m
Rendering template within layouts/employees
Rendering employees/index
Completed in 33ms (View: 4, DB: 0) | 200 OK [http://localhost/employees]


Processing EmployeesController#edit (for 127.0.0.1 at 2013-12-18 22:51:38) [GET]
  Parameters: {"id"=>"1"}
  [4;36;1mEmployee Load (0.1ms)[0m   [0;1mSELECT * FROM "employees" WHERE ("employees"."id" = 1) [0m
Rendering template within layouts/employees
Rendering employees/edit
Completed in 12ms (View: 9, DB: 0) | 200 OK [http://localhost/employees/1/edit]


Processing EmployeesController#index (for 127.0.0.1 at 2013-12-18 22:51:45) [GET]
  [4;35;1mEmployee Load (0.3ms)[0m   [0mSELECT * FROM "employees" [0m
Rendering template within layouts/employees
Rendering employees/index
Completed in 6ms (View: 3, DB: 0) | 200 OK [http://localhost/employees]


Processing EmployeesController#destroy (for 127.0.0.1 at 2013-12-18 22:51:52) [DELETE]
  Parameters: {"authenticity_token"=>"BTd15itzA7cGWEsC55GjZRbpi4zjHoBU9iy/6AkXlOs=", "id"=>"1"}
  [4;36;1mEmployee Load (0.2ms)[0m   [0;1mSELECT * FROM "employees" WHERE ("employees"."id" = 1) [0m
  [4;35;1mEmployee Destroy (0.2ms)[0m   [0mDELETE FROM "employees" WHERE "id" = 1[0m
Redirected to http://localhost:3000/employees
Completed in 212ms (DB: 0) | 302 Found [http://localhost/employees/1]


Processing EmployeesController#index (for 127.0.0.1 at 2013-12-18 22:51:53) [GET]
  [4;36;1mEmployee Load (0.2ms)[0m   [0;1mSELECT * FROM "employees" [0m
Rendering template within layouts/employees
Rendering employees/index
Completed in 4ms (View: 1, DB: 0) | 200 OK [http://localhost/employees]
